{"C:\\Users\\allan\\OneDrive\\FIAP - POS TECH\\FASE 2 - BACKEND E QUALIDADE\\Tech Challenge Fase 2 - Allan Holanda (ATT)\\blog-api\\src\\repositories\\in-memory\\in-memory-post-repository.ts": {"path":"C:\\Users\\allan\\OneDrive\\FIAP - POS TECH\\FASE 2 - BACKEND E QUALIDADE\\Tech Challenge Fase 2 - Allan Holanda (ATT)\\blog-api\\src\\repositories\\in-memory\\in-memory-post-repository.ts","statementMap":{"0":{"start":{"line":5,"column":9},"end":{"line":5,"column":null}},"1":{"start":{"line":8,"column":4},"end":{"line":8,"column":null}},"2":{"start":{"line":12,"column":4},"end":{"line":12,"column":null}},"3":{"start":{"line":12,"column":37},"end":{"line":12,"column":51}},"4":{"start":{"line":16,"column":4},"end":{"line":20,"column":null}},"5":{"start":{"line":18,"column":18},"end":{"line":18,"column":74}},"6":{"start":{"line":24,"column":20},"end":{"line":28,"column":null}},"7":{"start":{"line":29,"column":4},"end":{"line":29,"column":null}},"8":{"start":{"line":30,"column":4},"end":{"line":30,"column":null}},"9":{"start":{"line":34,"column":18},"end":{"line":34,"column":69}},"10":{"start":{"line":34,"column":49},"end":{"line":34,"column":68}},"11":{"start":{"line":35,"column":4},"end":{"line":35,"column":null}},"12":{"start":{"line":35,"column":22},"end":{"line":35,"column":null}},"13":{"start":{"line":36,"column":4},"end":{"line":36,"column":null}},"14":{"start":{"line":37,"column":4},"end":{"line":37,"column":null}},"15":{"start":{"line":41,"column":4},"end":{"line":41,"column":null}},"16":{"start":{"line":41,"column":45},"end":{"line":41,"column":59}},"17":{"start":{"line":4,"column":0},"end":{"line":4,"column":13}}},"fnMap":{"0":{"name":"(anonymous_0)","decl":{"start":{"line":4,"column":0},"end":{"line":4,"column":13}},"loc":{"start":{"line":4,"column":0},"end":{"line":43,"column":1}}},"1":{"name":"(anonymous_1)","decl":{"start":{"line":7,"column":2},"end":{"line":7,"column":7}},"loc":{"start":{"line":7,"column":43},"end":{"line":9,"column":3}}},"2":{"name":"(anonymous_2)","decl":{"start":{"line":11,"column":2},"end":{"line":11,"column":7}},"loc":{"start":{"line":11,"column":27},"end":{"line":13,"column":3}}},"3":{"name":"(anonymous_3)","decl":{"start":{"line":12,"column":27},"end":{"line":12,"column":28}},"loc":{"start":{"line":12,"column":37},"end":{"line":12,"column":51}}},"4":{"name":"(anonymous_4)","decl":{"start":{"line":15,"column":2},"end":{"line":15,"column":7}},"loc":{"start":{"line":15,"column":56},"end":{"line":21,"column":3}}},"5":{"name":"(anonymous_5)","decl":{"start":{"line":18,"column":8},"end":{"line":18,"column":9}},"loc":{"start":{"line":18,"column":18},"end":{"line":18,"column":74}}},"6":{"name":"(anonymous_6)","decl":{"start":{"line":23,"column":2},"end":{"line":23,"column":7}},"loc":{"start":{"line":23,"column":26},"end":{"line":31,"column":3}}},"7":{"name":"(anonymous_7)","decl":{"start":{"line":33,"column":2},"end":{"line":33,"column":7}},"loc":{"start":{"line":33,"column":26},"end":{"line":38,"column":3}}},"8":{"name":"(anonymous_8)","decl":{"start":{"line":34,"column":39},"end":{"line":34,"column":40}},"loc":{"start":{"line":34,"column":49},"end":{"line":34,"column":68}}},"9":{"name":"(anonymous_9)","decl":{"start":{"line":40,"column":2},"end":{"line":40,"column":7}},"loc":{"start":{"line":40,"column":25},"end":{"line":42,"column":3}}},"10":{"name":"(anonymous_10)","decl":{"start":{"line":41,"column":35},"end":{"line":41,"column":36}},"loc":{"start":{"line":41,"column":45},"end":{"line":41,"column":59}}}},"branchMap":{"0":{"loc":{"start":{"line":12,"column":11},"end":{"line":12,"column":60}},"type":"binary-expr","locations":[{"start":{"line":12,"column":11},"end":{"line":12,"column":52}},{"start":{"line":12,"column":56},"end":{"line":12,"column":60}}]},"1":{"loc":{"start":{"line":18,"column":18},"end":{"line":18,"column":74}},"type":"binary-expr","locations":[{"start":{"line":18,"column":18},"end":{"line":18,"column":43}},{"start":{"line":18,"column":47},"end":{"line":18,"column":74}}]},"2":{"loc":{"start":{"line":35,"column":4},"end":{"line":35,"column":null}},"type":"if","locations":[{"start":{"line":35,"column":4},"end":{"line":35,"column":null}},{"start":{},"end":{}}]}},"s":{"0":2,"1":0,"2":0,"3":0,"4":0,"5":0,"6":1,"7":1,"8":1,"9":0,"10":0,"11":0,"12":0,"13":0,"14":0,"15":0,"16":0,"17":1},"f":{"0":2,"1":0,"2":0,"3":0,"4":0,"5":0,"6":1,"7":0,"8":0,"9":0,"10":0},"b":{"0":[0,0],"1":[0,0],"2":[0,0]}}
,"C:\\Users\\allan\\OneDrive\\FIAP - POS TECH\\FASE 2 - BACKEND E QUALIDADE\\Tech Challenge Fase 2 - Allan Holanda (ATT)\\blog-api\\src\\repositories\\in-memory\\in-memory-user-repository.ts": {"path":"C:\\Users\\allan\\OneDrive\\FIAP - POS TECH\\FASE 2 - BACKEND E QUALIDADE\\Tech Challenge Fase 2 - Allan Holanda (ATT)\\blog-api\\src\\repositories\\in-memory\\in-memory-user-repository.ts","statementMap":{"0":{"start":{"line":5,"column":9},"end":{"line":5,"column":null}},"1":{"start":{"line":8,"column":4},"end":{"line":8,"column":null}},"2":{"start":{"line":8,"column":37},"end":{"line":8,"column":51}},"3":{"start":{"line":12,"column":4},"end":{"line":12,"column":null}},"4":{"start":{"line":12,"column":37},"end":{"line":12,"column":63}},"5":{"start":{"line":16,"column":20},"end":{"line":20,"column":null}},"6":{"start":{"line":21,"column":4},"end":{"line":21,"column":null}},"7":{"start":{"line":22,"column":4},"end":{"line":22,"column":null}},"8":{"start":{"line":4,"column":0},"end":{"line":4,"column":13}}},"fnMap":{"0":{"name":"(anonymous_0)","decl":{"start":{"line":4,"column":0},"end":{"line":4,"column":13}},"loc":{"start":{"line":4,"column":0},"end":{"line":24,"column":1}}},"1":{"name":"(anonymous_1)","decl":{"start":{"line":7,"column":2},"end":{"line":7,"column":7}},"loc":{"start":{"line":7,"column":27},"end":{"line":9,"column":3}}},"2":{"name":"(anonymous_2)","decl":{"start":{"line":8,"column":27},"end":{"line":8,"column":28}},"loc":{"start":{"line":8,"column":37},"end":{"line":8,"column":51}}},"3":{"name":"(anonymous_3)","decl":{"start":{"line":11,"column":2},"end":{"line":11,"column":7}},"loc":{"start":{"line":11,"column":39},"end":{"line":13,"column":3}}},"4":{"name":"(anonymous_4)","decl":{"start":{"line":12,"column":27},"end":{"line":12,"column":28}},"loc":{"start":{"line":12,"column":37},"end":{"line":12,"column":63}}},"5":{"name":"(anonymous_5)","decl":{"start":{"line":15,"column":2},"end":{"line":15,"column":7}},"loc":{"start":{"line":15,"column":26},"end":{"line":23,"column":3}}}},"branchMap":{"0":{"loc":{"start":{"line":8,"column":11},"end":{"line":8,"column":60}},"type":"binary-expr","locations":[{"start":{"line":8,"column":11},"end":{"line":8,"column":52}},{"start":{"line":8,"column":56},"end":{"line":8,"column":60}}]},"1":{"loc":{"start":{"line":12,"column":11},"end":{"line":12,"column":72}},"type":"binary-expr","locations":[{"start":{"line":12,"column":11},"end":{"line":12,"column":64}},{"start":{"line":12,"column":68},"end":{"line":12,"column":72}}]}},"s":{"0":2,"1":2,"2":2,"3":0,"4":0,"5":2,"6":2,"7":2,"8":1},"f":{"0":2,"1":2,"2":2,"3":0,"4":0,"5":2},"b":{"0":[2,0],"1":[0,0]}}
,"C:\\Users\\allan\\OneDrive\\FIAP - POS TECH\\FASE 2 - BACKEND E QUALIDADE\\Tech Challenge Fase 2 - Allan Holanda (ATT)\\blog-api\\src\\use-cases\\create-post.ts": {"path":"C:\\Users\\allan\\OneDrive\\FIAP - POS TECH\\FASE 2 - BACKEND E QUALIDADE\\Tech Challenge Fase 2 - Allan Holanda (ATT)\\blog-api\\src\\use-cases\\create-post.ts","statementMap":{"0":{"start":{"line":4,"column":0},"end":{"line":4,"column":56}},"1":{"start":{"line":8,"column":12},"end":{"line":8,"column":43}},"2":{"start":{"line":9,"column":12},"end":{"line":9,"column":43}},"3":{"start":{"line":13,"column":17},"end":{"line":13,"column":66}},"4":{"start":{"line":15,"column":4},"end":{"line":17,"column":5}},"5":{"start":{"line":16,"column":6},"end":{"line":16,"column":null}},"6":{"start":{"line":19,"column":4},"end":{"line":21,"column":5}},"7":{"start":{"line":20,"column":6},"end":{"line":20,"column":null}},"8":{"start":{"line":22,"column":4},"end":{"line":22,"column":null}},"9":{"start":{"line":6,"column":0},"end":{"line":6,"column":13}}},"fnMap":{"0":{"name":"(anonymous_0)","decl":{"start":{"line":7,"column":2},"end":{"line":7,"column":null}},"loc":{"start":{"line":9,"column":43},"end":{"line":10,"column":6}}},"1":{"name":"(anonymous_1)","decl":{"start":{"line":12,"column":2},"end":{"line":12,"column":7}},"loc":{"start":{"line":12,"column":27},"end":{"line":23,"column":3}}}},"branchMap":{"0":{"loc":{"start":{"line":15,"column":4},"end":{"line":17,"column":5}},"type":"if","locations":[{"start":{"line":15,"column":4},"end":{"line":17,"column":5}},{"start":{},"end":{}}]},"1":{"loc":{"start":{"line":19,"column":4},"end":{"line":21,"column":5}},"type":"if","locations":[{"start":{"line":19,"column":4},"end":{"line":21,"column":5}},{"start":{},"end":{}}]}},"s":{"0":1,"1":2,"2":2,"3":2,"4":2,"5":0,"6":2,"7":1,"8":1,"9":1},"f":{"0":2,"1":2},"b":{"0":[0,2],"1":[1,1]}}
,"C:\\Users\\allan\\OneDrive\\FIAP - POS TECH\\FASE 2 - BACKEND E QUALIDADE\\Tech Challenge Fase 2 - Allan Holanda (ATT)\\blog-api\\src\\use-cases\\errors\\forbiden-error.ts": {"path":"C:\\Users\\allan\\OneDrive\\FIAP - POS TECH\\FASE 2 - BACKEND E QUALIDADE\\Tech Challenge Fase 2 - Allan Holanda (ATT)\\blog-api\\src\\use-cases\\errors\\forbiden-error.ts","statementMap":{"0":{"start":{"line":3,"column":4},"end":{"line":3,"column":null}},"1":{"start":{"line":4,"column":4},"end":{"line":4,"column":null}},"2":{"start":{"line":1,"column":0},"end":{"line":1,"column":13}}},"fnMap":{"0":{"name":"(anonymous_0)","decl":{"start":{"line":2,"column":2},"end":{"line":2,"column":14}},"loc":{"start":{"line":2,"column":29},"end":{"line":5,"column":3}}}},"branchMap":{},"s":{"0":1,"1":1,"2":1},"f":{"0":1},"b":{}}
}
